Build started 5/10/2011 5:38:15 AM.
     1>Project "C:\Users\Keith\Documents\Visual Studio 2010\Projects\Billiards\Billiards\Billiards.vcxproj" on node 2 (build target(s)).
     1>InitializeBuildStatus:
         Creating "Release\Billiards.unsuccessfulbuild" because "AlwaysCreate" was specified.
       ClCompile:
         C:\Program Files\Microsoft Visual Studio 10.0\VC\bin\CL.exe /c /I"C:\Program Files\freeglut\include" /I"C:\Program Files\Devil\include" /I"C:\Program Files\irrKlang-1.3.0\include" /Zi /nologo /W3 /WX- /O2 /Oi /Oy- /GL /D _MBCS /Gm- /EHsc /MD /GS /Gy /fp:precise /Zc:wchar_t /Zc:forScope /Fo"Release\\" /Fd"Release\vc100.pdb" /Gd /TP /analyze- /errorReport:prompt Billiards.cpp
         Billiards.cpp
       Link:
         C:\Program Files\Microsoft Visual Studio 10.0\VC\bin\link.exe /ERRORREPORT:PROMPT /OUT:"C:\Users\Keith\Documents\Visual Studio 2010\Projects\Billiards\Release\Billiards.exe" /NOLOGO /LIBPATH:"C:\Program Files\freeglut\lib" /LIBPATH:"C:\Program Files\Devil\lib" /LIBPATH:"C:\Program Files\irrKlang-1.3.0\lib" "C:\Program Files\Devil\lib\DevIL.lib" "C:\Program Files\Devil\lib\ILU.lib" "C:\Program Files\Devil\lib\ILUT.lib" kernel32.lib user32.lib gdi32.lib winspool.lib comdlg32.lib advapi32.lib shell32.lib ole32.lib oleaut32.lib uuid.lib odbc32.lib odbccp32.lib /MANIFEST /ManifestFile:"Release\Billiards.exe.intermediate.manifest" /MANIFESTUAC:"level='asInvoker' uiAccess='false'" /DEBUG /PDB:"C:\Users\Keith\Documents\Visual Studio 2010\Projects\Billiards\Release\Billiards.pdb" /OPT:REF /OPT:ICF /LTCG /TLBID:1 /DYNAMICBASE /NXCOMPAT /IMPLIB:"C:\Users\Keith\Documents\Visual Studio 2010\Projects\Billiards\Release\Billiards.lib" /MACHINE:X86 Release\Billiards.obj
         Generating code
         Finished generating code
         Billiards.vcxproj -> C:\Users\Keith\Documents\Visual Studio 2010\Projects\Billiards\Release\Billiards.exe
       Manifest:
         C:\Program Files\Microsoft SDKs\Windows\v7.0A\bin\mt.exe /nologo /verbose /outputresource:"C:\Users\Keith\Documents\Visual Studio 2010\Projects\Billiards\Release\Billiards.exe;#1" /manifest Release\Billiards.exe.intermediate.manifest
       FinalizeBuildStatus:
         Deleting file "Release\Billiards.unsuccessfulbuild".
         Touching "Release\Billiards.lastbuildstate".
     1>Done Building Project "C:\Users\Keith\Documents\Visual Studio 2010\Projects\Billiards\Billiards\Billiards.vcxproj" (build target(s)).

Build succeeded.

Time Elapsed 00:00:02.41
